Using pre-set license
Built from '2020.3/staging' branch; Version is '2020.3.9f1 (108be757e447) revision 1084391'; Using compiler version '192528614'; Build Type 'Release'
OS: 'Windows 10 Pro; OS build 19045.3086; Version 2009; 64bit' Language: 'ko' Physical Memory: 32501 MB
BatchMode: 1, IsHumanControllingUs: 0, StartBugReporterOnCrash: 0, Is64bit: 1, IsPro: 0

 COMMAND LINE ARGUMENTS:
G:\CODE\Unity\Editor\2020.3.9f1\Editor\Unity.exe
-adb2
-batchMode
-noUpm
-name
AssetImportWorker0
-projectPath
G:/Zepeto-Empty
-logFile
Logs/AssetImportWorker0.log
-srvPort
12521
Successfully changed project path to: G:/Zepeto-Empty
G:/Zepeto-Empty
Using Asset Import Pipeline V2.
Refreshing native plugins compatible for Editor in 50.63 ms, found 4 plugins.
Preloading 0 native plugins for Editor in 0.00 ms.
Initialize engine version: 2020.3.9f1 (108be757e447)
[Subsystems] Discovering subsystems at path G:/CODE/Unity/Editor/2020.3.9f1/Editor/Data/Resources/UnitySubsystems
[Subsystems] Discovering subsystems at path G:/Zepeto-Empty/Assets
GfxDevice: creating device client; threaded=0
Direct3D:
    Version:  Direct3D 11.0 [level 11.1]
    Renderer: NVIDIA GeForce RTX 4070 Ti (ID=0x2782)
    Vendor:   
    VRAM:     12010 MB
    Driver:   31.0.15.3640
Initialize mono
Mono path[0] = 'G:/CODE/Unity/Editor/2020.3.9f1/Editor/Data/Managed'
Mono path[1] = 'G:/CODE/Unity/Editor/2020.3.9f1/Editor/Data/MonoBleedingEdge/lib/mono/unityjit'
Mono config path = 'G:/CODE/Unity/Editor/2020.3.9f1/Editor/Data/MonoBleedingEdge/etc'
Using monoOptions --debugger-agent=transport=dt_socket,embedding=1,server=y,suspend=n,address=127.0.0.1:56604
Begin MonoManager ReloadAssembly
Registering precompiled unity dll's ...
Trying to register platform support module: G:/CODE/Unity/Editor/2020.3.9f1/Editor/Data/PlaybackEngines/MacStandaloneSupport/UnityEditor.OSXStandalone.Extensions.dll (that doesn't exist). Retrying without overrides.
Platform support module is not available: G:/CODE/Unity/Editor/2020.3.9f1/Editor/Data/PlaybackEngines/MacStandaloneSupport/UnityEditor.OSXStandalone.Extensions.dll
Register platform support module: G:/CODE/Unity/Editor/2020.3.9f1/Editor/Data/PlaybackEngines/WindowsStandaloneSupport/UnityEditor.WindowsStandalone.Extensions.dll
Registered in 0.001515 seconds.
Native extension for WindowsStandalone target not found
Refreshing native plugins compatible for Editor in 36.63 ms, found 4 plugins.
Preloading 0 native plugins for Editor in 0.00 ms.
Mono: successfully reloaded assembly
- Completed reload, in  0.802 seconds
Platform modules already initialized, skipping
Registering precompiled user dll's ...
Registered in 0.023846 seconds.
Begin MonoManager ReloadAssembly
Native extension for WindowsStandalone target not found
Refreshing native plugins compatible for Editor in 33.30 ms, found 4 plugins.
Preloading 0 native plugins for Editor in 0.00 ms.
System.NullReferenceException: Object reference not set to an instance of an object
  at ZEPETO.World.Editor.WorldEditorSettings.IsZaizai () [0x00016] in <1bb76fbb8a3d42ecbe81b3d783ca7a01>:0 
  at ZEPETO.World.Editor.WorldEditorSettings.SelectDevelopment () [0x00001] in <1bb76fbb8a3d42ecbe81b3d783ca7a01>:0 
  at ZEPETO.World.Editor.WorldEditorSettings.get_Development () [0x00011] in <1bb76fbb8a3d42ecbe81b3d783ca7a01>:0 
  at ZEPETO.World.Editor.WorldEditorSettings.get_BuiltinSettings () [0x00000] in <1bb76fbb8a3d42ecbe81b3d783ca7a01>:0 
  at ZEPETO.World.Editor.WorldEditorSettings.get_ActiveSetting () [0x00027] in <1bb76fbb8a3d42ecbe81b3d783ca7a01>:0 
  at ZEPETO.World.Common.APIHostEditor..ctor () [0x00006] in <1a219a6a8cd249cba8ce1420b658e55e>:0 
  at ZEPETO.World.Common.APIHostInitializer..cctor () [0x00000] in <1a219a6a8cd249cba8ce1420b658e55e>:0 
UnityEngine.StackTraceUtility:ExtractStackTrace ()
UnityEngine.DebugLogHandler:LogFormat (UnityEngine.LogType,UnityEngine.Object,string,object[])
UnityEngine.Logger:Log (UnityEngine.LogType,object)
UnityEngine.Debug:LogError (object)
UnityEditor.EditorAssemblies:ProcessInitializeOnLoadAttributes (System.Type[])

NullReferenceException: Object reference not set to an instance of an object
  at ZEPETO.World.Editor.WorldEditorSettings.IsZaizai () [0x00016] in <1bb76fbb8a3d42ecbe81b3d783ca7a01>:0 
  at ZEPETO.World.Editor.WorldEditorSettings.SelectDevelopment () [0x00001] in <1bb76fbb8a3d42ecbe81b3d783ca7a01>:0 
  at ZEPETO.World.Editor.WorldEditorSettings.get_Development () [0x00011] in <1bb76fbb8a3d42ecbe81b3d783ca7a01>:0 
  at ZEPETO.World.Editor.WorldEnvironmentInitializer.MultiplaySettingInitialize () [0x00001] in <d795eecea8df43ff93448612b65eeb23>:0 
  at ZEPETO.World.Editor.WorldEnvironmentInitializer.InitializeOnLoadMethod () [0x00001] in <d795eecea8df43ff93448612b65eeb23>:0 

NullReferenceException: Object reference not set to an instance of an object
  at ZEPETO.World.Editor.WorldEditorSettings.IsZaizai () [0x00016] in <1bb76fbb8a3d42ecbe81b3d783ca7a01>:0 
  at ZEPETO.World.Editor.WorldEditorSettings.SelectDevelopment () [0x00001] in <1bb76fbb8a3d42ecbe81b3d783ca7a01>:0 
  at ZEPETO.World.Editor.WorldEditorSettings.get_Development () [0x00011] in <1bb76fbb8a3d42ecbe81b3d783ca7a01>:0 
  at ZEPETO.World.Editor.WorldEditorSettings.get_BuiltinSettings () [0x00000] in <1bb76fbb8a3d42ecbe81b3d783ca7a01>:0 
  at ZEPETO.World.Editor.WorldEditorSettings.get_ActiveSetting () [0x00027] in <1bb76fbb8a3d42ecbe81b3d783ca7a01>:0 
  at ZEPETO.World.Editor.ForbiddenTypes.LoadForbiddenTypes () [0x0000d] in <d795eecea8df43ff93448612b65eeb23>:0 
  at ZEPETO.World.Editor.ForbiddenTypes.Initialize () [0x00052] in <d795eecea8df43ff93448612b65eeb23>:0 

NullReferenceException: Object reference not set to an instance of an object
  at ZEPETO.World.Editor.WorldPackageEditorUtils.GetDeserializedWorldPackageInfo () [0x00016] in <d795eecea8df43ff93448612b65eeb23>:0 
  at ZEPETO.World.Editor.WorldPackageEditorUtils.GetFieldValue[T] (System.String field) [0x00001] in <d795eecea8df43ff93448612b65eeb23>:0 
  at ZEPETO.World.Editor.WorldPackageEditorUtils.get_ZepetoMinVersion () [0x00000] in <d795eecea8df43ff93448612b65eeb23>:0 
  at ZEPETO.World.Editor.Editor.WorldEditorInitializer.EditorInitializer () [0x00001] in <d795eecea8df43ff93448612b65eeb23>:0 

Mono: successfully reloaded assembly
- Completed reload, in  0.794 seconds
Platform modules already initialized, skipping
========================================================================
Worker process is ready to serve import requests
Launched and connected shader compiler UnityShaderCompiler.exe after 0.05 seconds
Refreshing native plugins compatible for Editor in 0.64 ms, found 4 plugins.
Preloading 0 native plugins for Editor in 0.00 ms.
Unloading 1902 Unused Serialized files (Serialized files now loaded: 0)
System memory in use before: 101.6 MB.
System memory in use after: 101.7 MB.

Unloading 80 unused Assets to reduce memory usage. Loaded Objects now: 2432.
Total: 1.883200 ms (FindLiveObjects: 0.160500 ms CreateObjectMapping: 0.039000 ms MarkObjects: 1.603700 ms  DeleteObjects: 0.078900 ms)

========================================================================
Received Import Request.
  path: Assets/SampleScript.ts
  artifactKey: Guid(3d25bf9424e714998970af8697d33163) Importer(815301076,1909f56bfc062723c751e8b465ee728b)
Start importing Assets/SampleScript.ts using Guid(3d25bf9424e714998970af8697d33163) Importer(815301076,1909f56bfc062723c751e8b465ee728b)  -> (artifact id: '16e0e67745ddc620331c36c96a51cbd0') in 0.032645 seconds
  Import took 0.035250 seconds .

========================================================================
Received Prepare
Registering precompiled user dll's ...
Registered in 0.027372 seconds.
Begin MonoManager ReloadAssembly
Native extension for WindowsStandalone target not found
Refreshing native plugins compatible for Editor in 0.98 ms, found 4 plugins.
Preloading 0 native plugins for Editor in 0.00 ms.
System.NullReferenceException: Object reference not set to an instance of an object
  at ZEPETO.World.Editor.WorldEditorSettings.IsZaizai () [0x00016] in <1bb76fbb8a3d42ecbe81b3d783ca7a01>:0 
  at ZEPETO.World.Editor.WorldEditorSettings.SelectDevelopment () [0x00001] in <1bb76fbb8a3d42ecbe81b3d783ca7a01>:0 
  at ZEPETO.World.Editor.WorldEditorSettings.get_Development () [0x00011] in <1bb76fbb8a3d42ecbe81b3d783ca7a01>:0 
  at ZEPETO.World.Editor.WorldEditorSettings.get_BuiltinSettings () [0x00000] in <1bb76fbb8a3d42ecbe81b3d783ca7a01>:0 
  at ZEPETO.World.Editor.WorldEditorSettings.get_ActiveSetting () [0x00027] in <1bb76fbb8a3d42ecbe81b3d783ca7a01>:0 
  at ZEPETO.World.Common.APIHostEditor..ctor () [0x00006] in <1a219a6a8cd249cba8ce1420b658e55e>:0 
  at ZEPETO.World.Common.APIHostInitializer..cctor () [0x00000] in <1a219a6a8cd249cba8ce1420b658e55e>:0 
UnityEngine.StackTraceUtility:ExtractStackTrace ()
UnityEngine.DebugLogHandler:LogFormat (UnityEngine.LogType,UnityEngine.Object,string,object[])
UnityEngine.Logger:Log (UnityEngine.LogType,object)
UnityEngine.Debug:LogError (object)
UnityEditor.EditorAssemblies:ProcessInitializeOnLoadAttributes (System.Type[])

NullReferenceException: Object reference not set to an instance of an object
  at ZEPETO.World.Editor.WorldEditorSettings.IsZaizai () [0x00016] in <1bb76fbb8a3d42ecbe81b3d783ca7a01>:0 
  at ZEPETO.World.Editor.WorldEditorSettings.SelectDevelopment () [0x00001] in <1bb76fbb8a3d42ecbe81b3d783ca7a01>:0 
  at ZEPETO.World.Editor.WorldEditorSettings.get_Development () [0x00011] in <1bb76fbb8a3d42ecbe81b3d783ca7a01>:0 
  at ZEPETO.World.Editor.WorldEnvironmentInitializer.MultiplaySettingInitialize () [0x00001] in <d795eecea8df43ff93448612b65eeb23>:0 
  at ZEPETO.World.Editor.WorldEnvironmentInitializer.InitializeOnLoadMethod () [0x00001] in <d795eecea8df43ff93448612b65eeb23>:0 

NullReferenceException: Object reference not set to an instance of an object
  at ZEPETO.World.Editor.WorldEditorSettings.IsZaizai () [0x00016] in <1bb76fbb8a3d42ecbe81b3d783ca7a01>:0 
  at ZEPETO.World.Editor.WorldEditorSettings.SelectDevelopment () [0x00001] in <1bb76fbb8a3d42ecbe81b3d783ca7a01>:0 
  at ZEPETO.World.Editor.WorldEditorSettings.get_Development () [0x00011] in <1bb76fbb8a3d42ecbe81b3d783ca7a01>:0 
  at ZEPETO.World.Editor.WorldEditorSettings.get_BuiltinSettings () [0x00000] in <1bb76fbb8a3d42ecbe81b3d783ca7a01>:0 
  at ZEPETO.World.Editor.WorldEditorSettings.get_ActiveSetting () [0x00027] in <1bb76fbb8a3d42ecbe81b3d783ca7a01>:0 
  at ZEPETO.World.Editor.ForbiddenTypes.LoadForbiddenTypes () [0x0000d] in <d795eecea8df43ff93448612b65eeb23>:0 
  at ZEPETO.World.Editor.ForbiddenTypes.Initialize () [0x00052] in <d795eecea8df43ff93448612b65eeb23>:0 

NullReferenceException: Object reference not set to an instance of an object
  at ZEPETO.World.Editor.WorldPackageEditorUtils.GetDeserializedWorldPackageInfo () [0x00016] in <d795eecea8df43ff93448612b65eeb23>:0 
  at ZEPETO.World.Editor.WorldPackageEditorUtils.GetFieldValue[T] (System.String field) [0x00001] in <d795eecea8df43ff93448612b65eeb23>:0 
  at ZEPETO.World.Editor.WorldPackageEditorUtils.get_ZepetoMinVersion () [0x00000] in <d795eecea8df43ff93448612b65eeb23>:0 
  at ZEPETO.World.Editor.Editor.WorldEditorInitializer.EditorInitializer () [0x00001] in <d795eecea8df43ff93448612b65eeb23>:0 

Mono: successfully reloaded assembly
- Completed reload, in  0.732 seconds
Platform modules already initialized, skipping
Refreshing native plugins compatible for Editor in 0.69 ms, found 4 plugins.
Preloading 0 native plugins for Editor in 0.00 ms.
Unloading 1841 Unused Serialized files (Serialized files now loaded: 0)
System memory in use before: 96.2 MB.
System memory in use after: 96.3 MB.

Unloading 73 unused Assets to reduce memory usage. Loaded Objects now: 2436.
Total: 1.811000 ms (FindLiveObjects: 0.158000 ms CreateObjectMapping: 0.035400 ms MarkObjects: 1.587900 ms  DeleteObjects: 0.028800 ms)

========================================================================
Received Prepare
Registering precompiled user dll's ...
Registered in 0.025654 seconds.
Begin MonoManager ReloadAssembly
Native extension for WindowsStandalone target not found
Refreshing native plugins compatible for Editor in 0.71 ms, found 4 plugins.
Preloading 0 native plugins for Editor in 0.00 ms.
System.NullReferenceException: Object reference not set to an instance of an object
  at ZEPETO.World.Editor.WorldEditorSettings.IsZaizai () [0x00016] in <1bb76fbb8a3d42ecbe81b3d783ca7a01>:0 
  at ZEPETO.World.Editor.WorldEditorSettings.SelectDevelopment () [0x00001] in <1bb76fbb8a3d42ecbe81b3d783ca7a01>:0 
  at ZEPETO.World.Editor.WorldEditorSettings.get_Development () [0x00011] in <1bb76fbb8a3d42ecbe81b3d783ca7a01>:0 
  at ZEPETO.World.Editor.WorldEditorSettings.get_BuiltinSettings () [0x00000] in <1bb76fbb8a3d42ecbe81b3d783ca7a01>:0 
  at ZEPETO.World.Editor.WorldEditorSettings.get_ActiveSetting () [0x00027] in <1bb76fbb8a3d42ecbe81b3d783ca7a01>:0 
  at ZEPETO.World.Common.APIHostEditor..ctor () [0x00006] in <1a219a6a8cd249cba8ce1420b658e55e>:0 
  at ZEPETO.World.Common.APIHostInitializer..cctor () [0x00000] in <1a219a6a8cd249cba8ce1420b658e55e>:0 
UnityEngine.StackTraceUtility:ExtractStackTrace ()
UnityEngine.DebugLogHandler:LogFormat (UnityEngine.LogType,UnityEngine.Object,string,object[])
UnityEngine.Logger:Log (UnityEngine.LogType,object)
UnityEngine.Debug:LogError (object)
UnityEditor.EditorAssemblies:ProcessInitializeOnLoadAttributes (System.Type[])

NullReferenceException: Object reference not set to an instance of an object
  at ZEPETO.World.Editor.WorldEditorSettings.IsZaizai () [0x00016] in <1bb76fbb8a3d42ecbe81b3d783ca7a01>:0 
  at ZEPETO.World.Editor.WorldEditorSettings.SelectDevelopment () [0x00001] in <1bb76fbb8a3d42ecbe81b3d783ca7a01>:0 
  at ZEPETO.World.Editor.WorldEditorSettings.get_Development () [0x00011] in <1bb76fbb8a3d42ecbe81b3d783ca7a01>:0 
  at ZEPETO.World.Editor.WorldEnvironmentInitializer.MultiplaySettingInitialize () [0x00001] in <d795eecea8df43ff93448612b65eeb23>:0 
  at ZEPETO.World.Editor.WorldEnvironmentInitializer.InitializeOnLoadMethod () [0x00001] in <d795eecea8df43ff93448612b65eeb23>:0 

NullReferenceException: Object reference not set to an instance of an object
  at ZEPETO.World.Editor.WorldEditorSettings.IsZaizai () [0x00016] in <1bb76fbb8a3d42ecbe81b3d783ca7a01>:0 
  at ZEPETO.World.Editor.WorldEditorSettings.SelectDevelopment () [0x00001] in <1bb76fbb8a3d42ecbe81b3d783ca7a01>:0 
  at ZEPETO.World.Editor.WorldEditorSettings.get_Development () [0x00011] in <1bb76fbb8a3d42ecbe81b3d783ca7a01>:0 
  at ZEPETO.World.Editor.WorldEditorSettings.get_BuiltinSettings () [0x00000] in <1bb76fbb8a3d42ecbe81b3d783ca7a01>:0 
  at ZEPETO.World.Editor.WorldEditorSettings.get_ActiveSetting () [0x00027] in <1bb76fbb8a3d42ecbe81b3d783ca7a01>:0 
  at ZEPETO.World.Editor.ForbiddenTypes.LoadForbiddenTypes () [0x0000d] in <d795eecea8df43ff93448612b65eeb23>:0 
  at ZEPETO.World.Editor.ForbiddenTypes.Initialize () [0x00052] in <d795eecea8df43ff93448612b65eeb23>:0 

NullReferenceException: Object reference not set to an instance of an object
  at ZEPETO.World.Editor.WorldPackageEditorUtils.GetDeserializedWorldPackageInfo () [0x00016] in <d795eecea8df43ff93448612b65eeb23>:0 
  at ZEPETO.World.Editor.WorldPackageEditorUtils.GetFieldValue[T] (System.String field) [0x00001] in <d795eecea8df43ff93448612b65eeb23>:0 
  at ZEPETO.World.Editor.WorldPackageEditorUtils.get_ZepetoMinVersion () [0x00000] in <d795eecea8df43ff93448612b65eeb23>:0 
  at ZEPETO.World.Editor.Editor.WorldEditorInitializer.EditorInitializer () [0x00001] in <d795eecea8df43ff93448612b65eeb23>:0 

Mono: successfully reloaded assembly
- Completed reload, in  0.736 seconds
Platform modules already initialized, skipping
Refreshing native plugins compatible for Editor in 0.72 ms, found 4 plugins.
Preloading 0 native plugins for Editor in 0.00 ms.
Unloading 1844 Unused Serialized files (Serialized files now loaded: 0)
System memory in use before: 96.3 MB.
System memory in use after: 96.4 MB.

Unloading 76 unused Assets to reduce memory usage. Loaded Objects now: 2441.
Total: 2.016500 ms (FindLiveObjects: 0.171100 ms CreateObjectMapping: 0.041500 ms MarkObjects: 1.771400 ms  DeleteObjects: 0.031700 ms)

========================================================================
Received Import Request.
  Time since last request: 832.557538 seconds.
  path: ProjectSettings/TagManager.asset
  artifactKey: Guid(00000000000000003000000000000000) Importer(815301076,1909f56bfc062723c751e8b465ee728b)
Start importing ProjectSettings/TagManager.asset using Guid(00000000000000003000000000000000) Importer(815301076,1909f56bfc062723c751e8b465ee728b)  -> (artifact id: 'ce6a35c3cddc746e7501c0bd0ed6d4ce') in 0.020243 seconds
  Import took 0.023051 seconds .

========================================================================
Received Import Request.
  Time since last request: 27.596846 seconds.
  path: ProjectSettings/TagManager.asset
  artifactKey: Guid(00000000000000003000000000000000) Importer(815301076,1909f56bfc062723c751e8b465ee728b)
Start importing ProjectSettings/TagManager.asset using Guid(00000000000000003000000000000000) Importer(815301076,1909f56bfc062723c751e8b465ee728b)  -> (artifact id: '6b181847d086fe1dfbf49140dc9dc92f') in 0.003463 seconds
  Import took 0.006199 seconds .

AssetImportWorkerClient::OnTransportError - code=2 error=End of file
